C51 COMPILER V9.60.7.0   MAIN                                                              12/11/2024 23:23:16 PAGE 1   


C51 COMPILER V9.60.7.0, COMPILATION OF MODULE MAIN
OBJECT MODULE PLACED IN .\Objects\main.obj
COMPILER INVOKED BY: C:\Keil_v5\C51\BIN\C51.EXE main.c OPTIMIZE(8,SPEED) BROWSE DEBUG OBJECTEXTEND PRINT(.\Listings\main
                    -.lst) TABS(2) OBJECT(.\Objects\main.obj)

line level    source

   1           #include <reg52.h>
   2          #define uint unsigned int
   3          #define uchar unsigned char
   4          sbit voice=P1^3;   //单片机开发板型号不同需要修改为所对应的蜂鸣器管脚
   5          uchar code sound[]={0xff,
   6                              0x2b,0x30,0x30,0x10,0x2b,0x30,0x30,0x10,0x2b,0x20,0x26,0x20,0x20,0x20,
   7                              0x26,0x20,0x2b,0x30,0x30,0x10,0x2b,0x30,0x30,0x10,0x2b,0x10,0x26,0x10,
   8                              0x2b,0x10,0x30,0x10,0x40,0x20,0x40,0x20,0x2b,0x30,0x30,0x10,0x2b,0x30,
   9                              0x30,0x10,0x2b,0x20,0x26,0x20,0x20,0x20,0x26,0x20,0x2b,0x30,0x26,0x10,
  10                              0x2b,0x20,0x30,0x20,0x2b,0x20,0x2b,0x20,0xff,0x20,0xff,0x20,0x2b,0x30,
  11                    0x30,0x10,0x2b,0x30,0x30,0x10,0x2b,0x20,0x26,0x20,0x20,0x20,0x26,0x20,
  12                    0x2b,0x30,0x26,0x10,0x2b,0x20,0x30,0x20,0x39,0x20,0x39,0x20,0x26,0x10,
  13                    0x2b,0x10,0x30,0x10,0x2b,0x10,0x30,0x20,0x30,0x20,0x26,0x10,0x2b,0x10,
  14                    0x30,0x10,0x2b,0x10,0x30,0x30,0x20,0x10,0x26,0x10,0x2b,0x10,0x30,0x10,
  15                    0x2b,0x10,0x30,0x20,0x30,0x20,0x30,0x20,0x2b,0x20,0x26,0x20,0x30,0x20,0x1c,0x20,0x20,0x10,0x1c,0x10,
  16                              0x1c,0x30,0x30,0x10,0x19,0x20,0x1c,0x10,0x19,0x10,0x19,0x20,0x19,0x20,
  17                              0x1c,0x10,0x19,0x10,0x19,0x20,0x26,0x20,0x18,0x10,0x15,0x10,0x18,0x10,
  18                              0x19,0x10,0x1c,0x20,0x20,0x20,0x1c,0x20,0x20,0x10,0x1c,0x10,0x1c,0x10,
  19                              0x20,0x10,0x1c,0x10,0x20,0x10,0x1c,0x20,0x20,0x10,0x2b,0x10,0x2b,0x10,
  20                              0x20,0x20,0x20,0x10,0x26,0x20,0x26,0x20,0x30,0x20,0x2b,0x20,0x26,0x20,
  21                              0x30,0x20,0x1c,0x20,0x20,0x10,0x1c,0x10,0x1c,0x30,0x30,0x10,0x19,0x20,
  22                              0x1c,0x10,0x19,0x10,0x19,0x20,0x19,0x20,0x1c,0x10,0x19,0x10,0x19,0x20,
  23                              0x26,0x20,0x18,0x10,0x15,0x10,0x18,0x10,0x19,0x10,0x1c,0x20,0x20,0x20,
  24                              0x1c,0x20,0x13,0x10,0x13,0x10,0x13,0x20,0x20,0x20,0x1c,0x20,0x13,0x10,
  25                              0x13,0x10,0x13,0x10,0x20,0x20,0x1c,0x10,0x1c,0x20,0x1c,0x20,0x1c,0x20,
  26                              0x1c,0x20,0xff,0x20,0xff,0x20,  0x18,0x20,0x15,0x20,0x13,0x20,0x0e,0x10,0x10,0x10,0x10
             -,0x20,0x0e,0x10,
  27                              0x10,0x10,0x10,0x20,0x0e,0x10,0x10,0x10,0x10,0x20,0x19,0x10,0x18,0x10,
  28                              0x18,0x20,0x0e,0x10,0x10,0x10,0x10,0x20,0x0e,0x10,0x10,0x10,0x10,0x20,
  29                              0x0e,0x10,0x10,0x10,0x10,0x10,0x13,0x30,0x15,0x20,0x18,0x10,0x1c,0x10,
  30                              0x1c,0x10,0x18,0x20,0x1c,0x10,0x15,0x10,0x18,0x10,0x1c,0x20,0x1c,0x10,
  31                              0x18,0x30,0x13,0x20,0x13,0x20,0x13,0x10,0x12,0x10,0x13,0x20,0x13,0x10,
  32                              0x15,0x20,0xff,0x20,0xff,0x20,0x18,0x20,0x15,0x20,0x13,0x20,0x0e,0x10,0x10,0x10,
  33                              0x10,0x20,0x0e,0x10,0x10,0x10,0x10,0x20,0x0e,0x10,0x10,0x10,0x10,0x20,
  34                              0x15,0x20,0x13,0x20,0x0e,0x10,0x10,0x10,0x10,0x20,0x0e,0x10,0x10,0x10,
  35                              0x10,0x20,0x0e,0x10,0x10,0x10,0x10,0x10,0x13,0x30,0x15,0x20,0x18,0x10,
  36                              0x1c,0x10,0x1c,0x10,0x13,0x30,0x15,0x20,0x18,0x10,0x1c,0x10,0x1c,0x10,
  37                              0x18,0x30,0x18,0x20,0x18,0x20,0xff,0x20,0xff,0x20,0x1c,0x10,0x13,0x10,
  38                              
  39                              0x15,0x20,0x18,0x10,0x1c,0x10,0x1c,0x10,0x13,0x30,0x15,0x20,0x18,0x10,
  40                              0x1c,0x10,0x1c,0x10,0x18,0x30,0x18,0x20,0x18,0x20,0x18,0x20,0x18,0x20,0x00,
  41                             };
  42          uchar zdjs=0, jp;
  43          del(yj);
  44          void main(void)
  45            {
  46   1            uint dpjs=0;
  47   1            uchar yj;
  48   1            TMOD=0x01,IE=0x82;
  49   1            TH0=0xd8, TL0=0xef;
  50   1            TR0=1;
  51   1      while(1)
  52   1         {  
  53   2            zdjs=0;
C51 COMPILER V9.60.7.0   MAIN                                                              12/11/2024 23:23:16 PAGE 2   

  54   2            dpjs++; yj=sound[dpjs]; 
  55   2           dpjs++; jp=sound[dpjs];
  56   2         while(zdjs!=jp)
  57   2             { 
  58   3            if(yj!=0xff)
  59   3         {
  60   4                   if(yj!=0)
  61   4                     {
  62   5                   voice=!voice;
  63   5                       del(yj);
  64   5                      }
  65   4                      else
  66   4                {
  67   5                dpjs=0; 
  68   5                            break;
  69   5                           }
  70   4          }
  71   3          else
  72   3            {
  73   4              voice=0;
  74   4                       del(jp);
  75   4          }
  76   3            }
  77   2             }
  78   1         }
  79          time0() interrupt 1  using 1
  80                {
  81   1               TH0=0xd8, TL0=0xef;
  82   1               zdjs++;
  83   1                 }
  84          del(yj)
  85              {
  86   1            uchar yj2=2;
  87   1             while(yj!=0)
  88   1               {      
  89   2                     while(yj2!=0)
  90   2                        {
  91   3                           yj2--;
  92   3                           }
  93   2                        yj2=2;
  94   2                   yj--;  
  95   2             }
  96   1         
  97   1           }
*** WARNING C290 IN LINE 97 OF main.c: missing return value


MODULE INFORMATION:   STATIC OVERLAYABLE
   CODE SIZE        =    140    ----
   CONSTANT SIZE    =    492    ----
   XDATA SIZE       =   ----    ----
   PDATA SIZE       =   ----    ----
   DATA SIZE        =      2       3
   IDATA SIZE       =   ----    ----
   BIT SIZE         =   ----    ----
END OF MODULE INFORMATION.


C51 COMPILATION COMPLETE.  1 WARNING(S),  0 ERROR(S)
