C51 COMPILER V9.60.7.0   MAIN                                                              11/09/2024 22:28:45 PAGE 1   


C51 COMPILER V9.60.7.0, COMPILATION OF MODULE MAIN
OBJECT MODULE PLACED IN .\Objects\main.obj
COMPILER INVOKED BY: D:\keil\C51\BIN\C51.EXE main.c OPTIMIZE(8,SPEED) BROWSE DEBUG OBJECTEXTEND PRINT(.\Listings\main.ls
                    -t) TABS(2) OBJECT(.\Objects\main.obj)

line level    source

   1          #include<reg51.h>
   2          #include<display.h>
   3          #include<key.h>
   4          unsigned char ck;
   5          sbit led  = P1^7;
   6          void t0_isr(void) interrupt 1
   7          {
   8   1        TH0 = (65536 - 2000) / 256;
   9   1        TL0 = (65536 - 2000) % 256;
  10   1        cp++;
  11   1        if(cp >= 250){cp = 0;ck++;flash = ~flash;}
  12   1        if(ck >= 2){ck = 0;sec++;cp4++;}
  13   1        if(sec >= 60){sec = 0;min++;}
  14   1        if(min >= 60){min = 0;hour++;}
  15   1        if(hour >= 24)hour = 0;
  16   1        P0 = 0xff;
  17   1        P0 = b_s[cp1];LE = 1;LE = 0;P0 = seg_num[cp1];//ÏÔÊ¾³ÌÐò
  18   1        cp1++;
  19   1        if(cp1 >= 8)cp1 = 0;
  20   1      }
  21          void t0_init(void)
  22          {
  23   1        TMOD = 0x01;
  24   1        TH0 = (65536 - 2000) / 256;
  25   1        TL0 = (65536 - 2000) % 256;
  26   1        EA = 1;
  27   1        ET0 = 1;
  28   1        TR0 = 1;
  29   1      }
  30          void main(void)
  31          {
  32   1        t0_init();
  33   1        cp3 = 0;
  34   1        display();
  35   1        while(cp4 <= 2);
  36   1        cp3 = 1;
  37   1        cp4 = 0;  
  38   1        while(1)
  39   1        {
  40   2          display();
  41   2          key();
  42   2          if(hour_n == hour && min_n == min)led = 0;
  43   2          else led = 1;
  44   2        }
  45   1      }


MODULE INFORMATION:   STATIC OVERLAYABLE
   CODE SIZE        =   1195    ----
   CONSTANT SIZE    =   ----    ----
   XDATA SIZE       =   ----    ----
   PDATA SIZE       =   ----    ----
   DATA SIZE        =     38    ----
   IDATA SIZE       =   ----    ----
C51 COMPILER V9.60.7.0   MAIN                                                              11/09/2024 22:28:45 PAGE 2   

   BIT SIZE         =   ----    ----
END OF MODULE INFORMATION.


C51 COMPILATION COMPLETE.  0 WARNING(S),  0 ERROR(S)
