C51 COMPILER V9.54   MAIN                                                                  10/25/2024 16:47:50 PAGE 1   


C51 COMPILER V9.54, COMPILATION OF MODULE MAIN
OBJECT MODULE PLACED IN .\Objects\main.obj
COMPILER INVOKED BY: C:\Keil_v5\C51\BIN\C51.EXE main.c OPTIMIZE(8,SPEED) BROWSE DEBUG OBJECTEXTEND PRINT(.\Listings\main
                    -.lst) TABS(2) OBJECT(.\Objects\main.obj)

line level    source

   1          #include <reg51.h>
   2          int seg[10]={0xc0, 0xf9, 0xa4, 0xb0, 0x99, 0x92, 0x82, 0xf8, 0x80, 0x90};
   3          int ptwo[8]={0x01,0x02,0x04,0x08,0x10,0x20,0x40,0x80};
   4          void delay(int x){
   5   1      while (x--);
   6   1      }
   7          int showStu(){
   8   1        int stu[8]={2,2,0,1,0,6,1,1};
   9   1        int i;
  10   1        for( i=0;i<8;i++){
  11   2          P0=seg[stu[i]];
  12   2          P2=ptwo[i];
  13   2          delay(110);
  14   2          P0=0Xff;
  15   2        }
  16   1      }
  17          void main(){
  18   1        showStu();
  19   1      }
*** WARNING C290 IN LINE 16 OF main.c: missing return value


MODULE INFORMATION:   STATIC OVERLAYABLE
   CODE SIZE        =     85    ----
   CONSTANT SIZE    =     16    ----
   XDATA SIZE       =   ----    ----
   PDATA SIZE       =   ----    ----
   DATA SIZE        =     36      16
   IDATA SIZE       =   ----    ----
   BIT SIZE         =   ----    ----
END OF MODULE INFORMATION.


C51 COMPILATION COMPLETE.  1 WARNING(S),  0 ERROR(S)
