C51 COMPILER V9.54   51TWO                                                                 09/24/2024 21:54:48 PAGE 1   


C51 COMPILER V9.54, COMPILATION OF MODULE 51TWO
OBJECT MODULE PLACED IN .\Objects\51two.obj
COMPILER INVOKED BY: C:\Keil_v5\C51\BIN\C51.EXE 51two.c OPTIMIZE(8,SPEED) BROWSE DEBUG OBJECTEXTEND PRINT(.\Listings\51t
                    -wo.lst) TABS(2) OBJECT(.\Objects\51two.obj)

line level    source

   1          #include<reg51.h>
   2          //x横坐标接了p0组
   3          //y纵坐标接了p2组
   4          sbit x1=P0^0;
   5          sbit x2=P0^1;
   6          sbit x3=P0^2;
   7          sbit x4=P0^3;
   8          sbit x5=P0^4;
   9          sbit x6=P0^5;
  10          
  11          void delay(unsigned int t)
  12          {
  13   1          while (t--);
  14   1      }
  15          void main(){
  16   1      }


MODULE INFORMATION:   STATIC OVERLAYABLE
   CODE SIZE        =     12    ----
   CONSTANT SIZE    =   ----    ----
   XDATA SIZE       =   ----    ----
   PDATA SIZE       =   ----    ----
   DATA SIZE        =   ----    ----
   IDATA SIZE       =   ----    ----
   BIT SIZE         =   ----    ----
END OF MODULE INFORMATION.


C51 COMPILATION COMPLETE.  0 WARNING(S),  0 ERROR(S)
