C51 COMPILER V9.54   MAIN                                                                  10/13/2024 17:43:36 PAGE 1   


C51 COMPILER V9.54, COMPILATION OF MODULE MAIN
OBJECT MODULE PLACED IN .\Objects\main.obj
COMPILER INVOKED BY: C:\Keil_v5\C51\BIN\C51.EXE main.c OPTIMIZE(8,SPEED) BROWSE DEBUG OBJECTEXTEND PRINT(.\Listings\main
                    -.lst) TABS(2) OBJECT(.\Objects\main.obj)

line level    source

   1          #include <REG51.H>
   2          sbit led1 = P0 ^ 0;
   3          sbit led2 = P0 ^ 1;
   4          sbit key1 = P2 ^ 0;
   5          sbit key2 = P2 ^ 1;
   6          sbit key3 = P2 ^ 2;
   7          sbit key4 = P2 ^ 3;
   8          int delay(unsigned int t)
   9          {
  10   1        while (t--)
  11   1          ;
  12   1      }
  13          int main()
  14          {
  15   1        while (1)
  16   1        {
  17   2          if (key1 ==0)
  18   2          {
  19   3              led1 ==0;
*** WARNING C275 IN LINE 19 OF main.c: expression with possibly no effect
  20   3          }
  21   2        }
  22   1      }
*** WARNING C290 IN LINE 12 OF main.c: missing return value


MODULE INFORMATION:   STATIC OVERLAYABLE
   CODE SIZE        =     16    ----
   CONSTANT SIZE    =   ----    ----
   XDATA SIZE       =   ----    ----
   PDATA SIZE       =   ----    ----
   DATA SIZE        =   ----    ----
   IDATA SIZE       =   ----    ----
   BIT SIZE         =   ----    ----
END OF MODULE INFORMATION.


C51 COMPILATION COMPLETE.  2 WARNING(S),  0 ERROR(S)
